[2020-02-12 23:31:47] development.ERROR: Igniter\Flame\Exception\SystemException: The partial 'form/field_decimal.php' is not found. in C:\laragon\www\kave\app\system\traits\ViewMaker.php:161
Stack trace:
#0 C:\laragon\www\kave\app\admin\widgets\Form.php(261): Admin\Classes\BaseWidget->makePartial('form/field_deci...', Array)
#1 C:\laragon\www\kave\app\admin\widgets\form\field.php(21): Admin\Widgets\Form->renderFieldElement(Object(Admin\Classes\FormField))
#2 C:\laragon\www\kave\app\system\traits\ViewMaker.php(203): include('C:\\laragon\\www\\...')
#3 C:\laragon\www\kave\app\system\traits\ViewMaker.php(169): Admin\Classes\BaseWidget->makeFileContent('C:\\laragon\\www\\...', Array)
#4 C:\laragon\www\kave\app\admin\widgets\form\field_container.php(13): Admin\Classes\BaseWidget->makePartial('form/field.php', Array)
#5 C:\laragon\www\kave\app\system\traits\ViewMaker.php(203): include('C:\\laragon\\www\\...')
#6 C:\laragon\www\kave\app\system\traits\ViewMaker.php(169): Admin\Classes\BaseWidget->makeFileContent('C:\\laragon\\www\\...', Array)
#7 C:\laragon\www\kave\app\admin\widgets\form\form_fields.php(2): Admin\Classes\BaseWidget->makePartial('form/field_cont...', Array)
#8 C:\laragon\www\kave\app\system\traits\ViewMaker.php(203): include('C:\\laragon\\www\\...')
#9 C:\laragon\www\kave\app\system\traits\ViewMaker.php(169): Admin\Classes\BaseWidget->makeFileContent('C:\\laragon\\www\\...', Array)
#10 C:\laragon\www\kave\app\admin\widgets\form\form_tabs.php(31): Admin\Classes\BaseWidget->makePartial('form/form_field...', Array)
#11 C:\laragon\www\kave\app\system\traits\ViewMaker.php(203): include('C:\\laragon\\www\\...')
#12 C:\laragon\www\kave\app\system\traits\ViewMaker.php(169): Admin\Classes\BaseWidget->makeFileContent('C:\\laragon\\www\\...', Array)
#13 C:\laragon\www\kave\app\admin\widgets\form\form_section.php(21): Admin\Classes\BaseWidget->makePartial('form/form_tabs....', Array)
#14 C:\laragon\www\kave\app\system\traits\ViewMaker.php(203): include('C:\\laragon\\www\\...')
#15 C:\laragon\www\kave\app\system\traits\ViewMaker.php(169): Admin\Classes\BaseWidget->makeFileContent('C:\\laragon\\www\\...', Array)
#16 C:\laragon\www\kave\app\admin\widgets\form\form.php(6): Admin\Classes\BaseWidget->makePartial('form/form_secti...', Array)
#17 C:\laragon\www\kave\app\system\traits\ViewMaker.php(203): include('C:\\laragon\\www\\...')
#18 C:\laragon\www\kave\app\system\traits\ViewMaker.php(169): Admin\Classes\BaseWidget->makeFileContent('C:\\laragon\\www\\...', Array)
#19 C:\laragon\www\kave\app\admin\widgets\form\form_container.php(3): Admin\Classes\BaseWidget->makePartial('form/form.php')
#20 C:\laragon\www\kave\app\system\traits\ViewMaker.php(203): include('C:\\laragon\\www\\...')
#21 C:\laragon\www\kave\app\system\traits\ViewMaker.php(169): Admin\Classes\BaseWidget->makeFileContent('C:\\laragon\\www\\...', Array)
#22 C:\laragon\www\kave\app\admin\widgets\Form.php(211): Admin\Classes\BaseWidget->makePartial('form/form_conta...', Array)
#23 C:\laragon\www\kave\app\system\views\settings\edit.php(11): Admin\Widgets\Form->render()
#24 C:\laragon\www\kave\app\system\traits\ViewMaker.php(203): include('C:\\laragon\\www\\...')
#25 C:\laragon\www\kave\app\system\traits\ViewMaker.php(132): Admin\Classes\AdminController->makeFileContent('C:\\laragon\\www\\...')
#26 C:\laragon\www\kave\app\admin\classes\AdminController.php(206): Admin\Classes\AdminController->makeView('edit')
#27 C:\laragon\www\kave\app\admin\classes\AdminController.php(164): Admin\Classes\AdminController->execPageAction('edit', Array)
#28 C:\laragon\www\kave\app\system\classes\Controller.php(107): Admin\Classes\AdminController->remap('edit', Array)
#29 [internal function]: System\Classes\Controller->runAdmin('settings/edit/s...')
#30 C:\laragon\www\kave\vendor\laravel\framework\src\Illuminate\Routing\Controller.php(54): call_user_func_array(Array, Array)
#31 C:\laragon\www\kave\vendor\laravel\framework\src\Illuminate\Routing\ControllerDispatcher.php(45): Illuminate\Routing\Controller->callAction('runAdmin', Array)
#32 C:\laragon\www\kave\vendor\laravel\framework\src\Illuminate\Routing\Route.php(219): Illuminate\Routing\ControllerDispatcher->dispatch(Object(Illuminate\Routing\Route), Object(System\Classes\Controller), 'runAdmin')
#33 C:\laragon\www\kave\vendor\laravel\framework\src\Illuminate\Routing\Route.php(176): Illuminate\Routing\Route->runController()
#34 C:\laragon\www\kave\vendor\laravel\framework\src\Illuminate\Routing\Router.php(680): Illuminate\Routing\Route->run()
#35 C:\laragon\www\kave\vendor\laravel\framework\src\Illuminate\Routing\Pipeline.php(30): Illuminate\Routing\Router->Illuminate\Routing\{closure}(Object(Illuminate\Http\Request))
#36 C:\laragon\www\kave\vendor\tastyigniter\flame\src\Translation\Middleware\Localization.php(23): Illuminate\Routing\Pipeline->Illuminate\Routing\{closure}(Object(Illuminate\Http\Request))
#37 C:\laragon\www\kave\vendor\laravel\framework\src\Illuminate\Pipeline\Pipeline.php(163): Igniter\Flame\Translation\Middleware\Localization->handle(Object(Illuminate\Http\Request), Object(Closure))
#38 C:\laragon\www\kave\vendor\laravel\framework\src\Illuminate\Routing\Pipeline.php(53): Illuminate\Pipeline\Pipeline->Illuminate\Pipeline\{closure}(Object(Illuminate\Http\Request))
#39 C:\laragon\www\kave\vendor\laravel\framework\src\Illuminate\Routing\Middleware\SubstituteBindings.php(41): Illuminate\Routing\Pipeline->Illuminate\Routing\{closure}(Object(Illuminate\Http\Request))
#40 C:\laragon\www\kave\vendor\laravel\framework\src\Illuminate\Pipeline\Pipeline.php(163): Illuminate\Routing\Middleware\SubstituteBindings->handle(Object(Illuminate\Http\Request), Object(Closure))
#41 C:\laragon\www\kave\vendor\laravel\framework\src\Illuminate\Routing\Pipeline.php(53): Illuminate\Pipeline\Pipeline->Illuminate\Pipeline\{closure}(Object(Illuminate\Http\Request))
#42 C:\laragon\www\kave\vendor\laravel\framework\src\Illuminate\View\Middleware\ShareErrorsFromSession.php(49): Illuminate\Routing\Pipeline->Illuminate\Routing\{closure}(Object(Illuminate\Http\Request))
#43 C:\laragon\www\kave\vendor\laravel\framework\src\Illuminate\Pipeline\Pipeline.php(163): Illuminate\View\Middleware\ShareErrorsFromSession->handle(Object(Illuminate\Http\Request), Object(Closure))
#44 C:\laragon\www\kave\vendor\laravel\framework\src\Illuminate\Routing\Pipeline.php(53): Illuminate\Pipeline\Pipeline->Illuminate\Pipeline\{closure}(Object(Illuminate\Http\Request))
#45 C:\laragon\www\kave\vendor\laravel\framework\src\Illuminate\Session\Middleware\StartSession.php(56): Illuminate\Routing\Pipeline->Illuminate\Routing\{closure}(Object(Illuminate\Http\Request))
#46 C:\laragon\www\kave\vendor\laravel\framework\src\Illuminate\Pipeline\Pipeline.php(163): Illuminate\Session\Middleware\StartSession->handle(Object(Illuminate\Http\Request), Object(Closure))
#47 C:\laragon\www\kave\vendor\laravel\framework\src\Illuminate\Routing\Pipeline.php(53): Illuminate\Pipeline\Pipeline->Illuminate\Pipeline\{closure}(Object(Illuminate\Http\Request))
#48 C:\laragon\www\kave\vendor\laravel\framework\src\Illuminate\Cookie\Middleware\AddQueuedCookiesToResponse.php(37): Illuminate\Routing\Pipeline->Illuminate\Routing\{closure}(Object(Illuminate\Http\Request))
#49 C:\laragon\www\kave\vendor\laravel\framework\src\Illuminate\Pipeline\Pipeline.php(163): Illuminate\Cookie\Middleware\AddQueuedCookiesToResponse->handle(Object(Illuminate\Http\Request), Object(Closure))
#50 C:\laragon\www\kave\vendor\laravel\framework\src\Illuminate\Routing\Pipeline.php(53): Illuminate\Pipeline\Pipeline->Illuminate\Pipeline\{closure}(Object(Illuminate\Http\Request))
#51 C:\laragon\www\kave\vendor\laravel\framework\src\Illuminate\Cookie\Middleware\EncryptCookies.php(66): Illuminate\Routing\Pipeline->Illuminate\Routing\{closure}(Object(Illuminate\Http\Request))
#52 C:\laragon\www\kave\vendor\laravel\framework\src\Illuminate\Pipeline\Pipeline.php(163): Illuminate\Cookie\Middleware\EncryptCookies->handle(Object(Illuminate\Http\Request), Object(Closure))
#53 C:\laragon\www\kave\vendor\laravel\framework\src\Illuminate\Routing\Pipeline.php(53): Illuminate\Pipeline\Pipeline->Illuminate\Pipeline\{closure}(Object(Illuminate\Http\Request))
#54 C:\laragon\www\kave\vendor\laravel\framework\src\Illuminate\Pipeline\Pipeline.php(104): Illuminate\Routing\Pipeline->Illuminate\Routing\{closure}(Object(Illuminate\Http\Request))
#55 C:\laragon\www\kave\vendor\laravel\framework\src\Illuminate\Routing\Router.php(682): Illuminate\Pipeline\Pipeline->then(Object(Closure))
#56 C:\laragon\www\kave\vendor\laravel\framework\src\Illuminate\Routing\Router.php(657): Illuminate\Routing\Router->runRouteWithinStack(Object(Illuminate\Routing\Route), Object(Illuminate\Http\Request))
#57 C:\laragon\www\kave\vendor\laravel\framework\src\Illuminate\Routing\Router.php(623): Illuminate\Routing\Router->runRoute(Object(Illuminate\Http\Request), Object(Illuminate\Routing\Route))
#58 C:\laragon\www\kave\vendor\october\rain\src\Router\CoreRouter.php(20): Illuminate\Routing\Router->dispatchToRoute(Object(Illuminate\Http\Request))
#59 C:\laragon\www\kave\vendor\laravel\framework\src\Illuminate\Foundation\Http\Kernel.php(176): October\Rain\Router\CoreRouter->dispatch(Object(Illuminate\Http\Request))
#60 C:\laragon\www\kave\vendor\laravel\framework\src\Illuminate\Routing\Pipeline.php(30): Illuminate\Foundation\Http\Kernel->Illuminate\Foundation\Http\{closure}(Object(Illuminate\Http\Request))
#61 C:\laragon\www\kave\vendor\tastyigniter\flame\src\Setting\Middleware\SaveSetting.php(25): Illuminate\Routing\Pipeline->Illuminate\Routing\{closure}(Object(Illuminate\Http\Request))
#62 C:\laragon\www\kave\vendor\laravel\framework\src\Illuminate\Pipeline\Pipeline.php(163): Igniter\Flame\Setting\Middleware\SaveSetting->handle(Object(Illuminate\Http\Request), Object(Closure))
#63 C:\laragon\www\kave\vendor\laravel\framework\src\Illuminate\Routing\Pipeline.php(53): Illuminate\Pipeline\Pipeline->Illuminate\Pipeline\{closure}(Object(Illuminate\Http\Request))
#64 C:\laragon\www\kave\vendor\fideloper\proxy\src\TrustProxies.php(57): Illuminate\Routing\Pipeline->Illuminate\Routing\{closure}(Object(Illuminate\Http\Request))
#65 C:\laragon\www\kave\vendor\laravel\framework\src\Illuminate\Pipeline\Pipeline.php(163): Fideloper\Proxy\TrustProxies->handle(Object(Illuminate\Http\Request), Object(Closure))
#66 C:\laragon\www\kave\vendor\laravel\framework\src\Illuminate\Routing\Pipeline.php(53): Illuminate\Pipeline\Pipeline->Illuminate\Pipeline\{closure}(Object(Illuminate\Http\Request))
#67 C:\laragon\www\kave\vendor\laravel\framework\src\Illuminate\Foundation\Http\Middleware\TransformsRequest.php(21): Illuminate\Routing\Pipeline->Illuminate\Routing\{closure}(Object(Illuminate\Http\Request))
#68 C:\laragon\www\kave\vendor\laravel\framework\src\Illuminate\Pipeline\Pipeline.php(163): Illuminate\Foundation\Http\Middleware\TransformsRequest->handle(Object(Illuminate\Http\Request), Object(Closure))
#69 C:\laragon\www\kave\vendor\laravel\framework\src\Illuminate\Routing\Pipeline.php(53): Illuminate\Pipeline\Pipeline->Illuminate\Pipeline\{closure}(Object(Illuminate\Http\Request))
#70 C:\laragon\www\kave\vendor\laravel\framework\src\Illuminate\Foundation\Http\Middleware\ValidatePostSize.php(27): Illuminate\Routing\Pipeline->Illuminate\Routing\{closure}(Object(Illuminate\Http\Request))
#71 C:\laragon\www\kave\vendor\laravel\framework\src\Illuminate\Pipeline\Pipeline.php(163): Illuminate\Foundation\Http\Middleware\ValidatePostSize->handle(Object(Illuminate\Http\Request), Object(Closure))
#72 C:\laragon\www\kave\vendor\laravel\framework\src\Illuminate\Routing\Pipeline.php(53): Illuminate\Pipeline\Pipeline->Illuminate\Pipeline\{closure}(Object(Illuminate\Http\Request))
#73 C:\laragon\www\kave\vendor\laravel\framework\src\Illuminate\Foundation\Http\Middleware\CheckForMaintenanceMode.php(62): Illuminate\Routing\Pipeline->Illuminate\Routing\{closure}(Object(Illuminate\Http\Request))
#74 C:\laragon\www\kave\vendor\laravel\framework\src\Illuminate\Pipeline\Pipeline.php(163): Illuminate\Foundation\Http\Middleware\CheckForMaintenanceMode->handle(Object(Illuminate\Http\Request), Object(Closure))
#75 C:\laragon\www\kave\vendor\laravel\framework\src\Illuminate\Routing\Pipeline.php(53): Illuminate\Pipeline\Pipeline->Illuminate\Pipeline\{closure}(Object(Illuminate\Http\Request))
#76 C:\laragon\www\kave\vendor\laravel\framework\src\Illuminate\Pipeline\Pipeline.php(104): Illuminate\Routing\Pipeline->Illuminate\Routing\{closure}(Object(Illuminate\Http\Request))
#77 C:\laragon\www\kave\vendor\laravel\framework\src\Illuminate\Foundation\Http\Kernel.php(151): Illuminate\Pipeline\Pipeline->then(Object(Closure))
#78 C:\laragon\www\kave\vendor\laravel\framework\src\Illuminate\Foundation\Http\Kernel.php(116): Illuminate\Foundation\Http\Kernel->sendRequestThroughRouter(Object(Illuminate\Http\Request))
#79 C:\laragon\www\kave\index.php(47): Illuminate\Foundation\Http\Kernel->handle(Object(Illuminate\Http\Request))
#80 {main}  
[2020-02-12 23:40:31] development.ERROR: Symfony\Component\Console\Exception\CommandNotFoundException: Command "make:controller" is not defined.

Did you mean one of these?
    create:controller
    make:test in C:\laragon\www\kave\vendor\symfony\console\Application.php:670
Stack trace:
#0 C:\laragon\www\kave\vendor\symfony\console\Application.php(236): Symfony\Component\Console\Application->find('make:controller')
#1 C:\laragon\www\kave\vendor\symfony\console\Application.php(148): Symfony\Component\Console\Application->doRun(Object(Symfony\Component\Console\Input\ArgvInput), Object(Symfony\Component\Console\Output\ConsoleOutput))
#2 C:\laragon\www\kave\vendor\laravel\framework\src\Illuminate\Console\Application.php(90): Symfony\Component\Console\Application->run(Object(Symfony\Component\Console\Input\ArgvInput), Object(Symfony\Component\Console\Output\ConsoleOutput))
#3 C:\laragon\www\kave\vendor\laravel\framework\src\Illuminate\Foundation\Console\Kernel.php(133): Illuminate\Console\Application->run(Object(Symfony\Component\Console\Input\ArgvInput), Object(Symfony\Component\Console\Output\ConsoleOutput))
#4 C:\laragon\www\kave\artisan(35): Illuminate\Foundation\Console\Kernel->handle(Object(Symfony\Component\Console\Input\ArgvInput), Object(Symfony\Component\Console\Output\ConsoleOutput))
#5 {main}  
[2020-02-12 23:40:48] development.ERROR: Symfony\Component\Console\Exception\RuntimeException: Not enough arguments (missing: "controller"). in C:\laragon\www\kave\vendor\symfony\console\Input\Input.php:76
Stack trace:
#0 C:\laragon\www\kave\vendor\symfony\console\Command\Command.php(250): Symfony\Component\Console\Input\Input->validate()
#1 C:\laragon\www\kave\vendor\laravel\framework\src\Illuminate\Console\Command.php(170): Symfony\Component\Console\Command\Command->run(Object(Symfony\Component\Console\Input\ArgvInput), Object(Illuminate\Console\OutputStyle))
#2 C:\laragon\www\kave\vendor\symfony\console\Application.php(1011): Illuminate\Console\Command->run(Object(Symfony\Component\Console\Input\ArgvInput), Object(Symfony\Component\Console\Output\ConsoleOutput))
#3 C:\laragon\www\kave\vendor\symfony\console\Application.php(272): Symfony\Component\Console\Application->doRunCommand(Object(Igniter\Flame\Scaffold\Console\CreateController), Object(Symfony\Component\Console\Input\ArgvInput), Object(Symfony\Component\Console\Output\ConsoleOutput))
#4 C:\laragon\www\kave\vendor\symfony\console\Application.php(148): Symfony\Component\Console\Application->doRun(Object(Symfony\Component\Console\Input\ArgvInput), Object(Symfony\Component\Console\Output\ConsoleOutput))
#5 C:\laragon\www\kave\vendor\laravel\framework\src\Illuminate\Console\Application.php(90): Symfony\Component\Console\Application->run(Object(Symfony\Component\Console\Input\ArgvInput), Object(Symfony\Component\Console\Output\ConsoleOutput))
#6 C:\laragon\www\kave\vendor\laravel\framework\src\Illuminate\Foundation\Console\Kernel.php(133): Illuminate\Console\Application->run(Object(Symfony\Component\Console\Input\ArgvInput), Object(Symfony\Component\Console\Output\ConsoleOutput))
#7 C:\laragon\www\kave\artisan(35): Illuminate\Foundation\Console\Kernel->handle(Object(Symfony\Component\Console\Input\ArgvInput), Object(Symfony\Component\Console\Output\ConsoleOutput))
#8 {main}  
[2020-02-12 23:41:01] development.ERROR: Symfony\Component\Console\Exception\RuntimeException: Not enough arguments (missing: "controller"). in C:\laragon\www\kave\vendor\symfony\console\Input\Input.php:76
Stack trace:
#0 C:\laragon\www\kave\vendor\symfony\console\Command\Command.php(250): Symfony\Component\Console\Input\Input->validate()
#1 C:\laragon\www\kave\vendor\laravel\framework\src\Illuminate\Console\Command.php(170): Symfony\Component\Console\Command\Command->run(Object(Symfony\Component\Console\Input\ArgvInput), Object(Illuminate\Console\OutputStyle))
#2 C:\laragon\www\kave\vendor\symfony\console\Application.php(1011): Illuminate\Console\Command->run(Object(Symfony\Component\Console\Input\ArgvInput), Object(Symfony\Component\Console\Output\ConsoleOutput))
#3 C:\laragon\www\kave\vendor\symfony\console\Application.php(272): Symfony\Component\Console\Application->doRunCommand(Object(Igniter\Flame\Scaffold\Console\CreateController), Object(Symfony\Component\Console\Input\ArgvInput), Object(Symfony\Component\Console\Output\ConsoleOutput))
#4 C:\laragon\www\kave\vendor\symfony\console\Application.php(148): Symfony\Component\Console\Application->doRun(Object(Symfony\Component\Console\Input\ArgvInput), Object(Symfony\Component\Console\Output\ConsoleOutput))
#5 C:\laragon\www\kave\vendor\laravel\framework\src\Illuminate\Console\Application.php(90): Symfony\Component\Console\Application->run(Object(Symfony\Component\Console\Input\ArgvInput), Object(Symfony\Component\Console\Output\ConsoleOutput))
#6 C:\laragon\www\kave\vendor\laravel\framework\src\Illuminate\Foundation\Console\Kernel.php(133): Illuminate\Console\Application->run(Object(Symfony\Component\Console\Input\ArgvInput), Object(Symfony\Component\Console\Output\ConsoleOutput))
#7 C:\laragon\www\kave\artisan(35): Illuminate\Foundation\Console\Kernel->handle(Object(Symfony\Component\Console\Input\ArgvInput), Object(Symfony\Component\Console\Output\ConsoleOutput))
#8 {main}  
[2020-02-12 23:41:14] development.ERROR: Symfony\Component\Console\Exception\RuntimeException: Not enough arguments (missing: "controller"). in C:\laragon\www\kave\vendor\symfony\console\Input\Input.php:76
Stack trace:
#0 C:\laragon\www\kave\vendor\symfony\console\Command\Command.php(250): Symfony\Component\Console\Input\Input->validate()
#1 C:\laragon\www\kave\vendor\laravel\framework\src\Illuminate\Console\Command.php(170): Symfony\Component\Console\Command\Command->run(Object(Symfony\Component\Console\Input\ArgvInput), Object(Illuminate\Console\OutputStyle))
#2 C:\laragon\www\kave\vendor\symfony\console\Application.php(1011): Illuminate\Console\Command->run(Object(Symfony\Component\Console\Input\ArgvInput), Object(Symfony\Component\Console\Output\ConsoleOutput))
#3 C:\laragon\www\kave\vendor\symfony\console\Application.php(272): Symfony\Component\Console\Application->doRunCommand(Object(Igniter\Flame\Scaffold\Console\CreateController), Object(Symfony\Component\Console\Input\ArgvInput), Object(Symfony\Component\Console\Output\ConsoleOutput))
#4 C:\laragon\www\kave\vendor\symfony\console\Application.php(148): Symfony\Component\Console\Application->doRun(Object(Symfony\Component\Console\Input\ArgvInput), Object(Symfony\Component\Console\Output\ConsoleOutput))
#5 C:\laragon\www\kave\vendor\laravel\framework\src\Illuminate\Console\Application.php(90): Symfony\Component\Console\Application->run(Object(Symfony\Component\Console\Input\ArgvInput), Object(Symfony\Component\Console\Output\ConsoleOutput))
#6 C:\laragon\www\kave\vendor\laravel\framework\src\Illuminate\Foundation\Console\Kernel.php(133): Illuminate\Console\Application->run(Object(Symfony\Component\Console\Input\ArgvInput), Object(Symfony\Component\Console\Output\ConsoleOutput))
#7 C:\laragon\www\kave\artisan(35): Illuminate\Foundation\Console\Kernel->handle(Object(Symfony\Component\Console\Input\ArgvInput), Object(Symfony\Component\Console\Output\ConsoleOutput))
#8 {main}  
[2020-02-12 23:41:20] development.ERROR: Symfony\Component\Console\Exception\RuntimeException: Not enough arguments (missing: "controller"). in C:\laragon\www\kave\vendor\symfony\console\Input\Input.php:76
Stack trace:
#0 C:\laragon\www\kave\vendor\symfony\console\Command\Command.php(250): Symfony\Component\Console\Input\Input->validate()
#1 C:\laragon\www\kave\vendor\laravel\framework\src\Illuminate\Console\Command.php(170): Symfony\Component\Console\Command\Command->run(Object(Symfony\Component\Console\Input\ArgvInput), Object(Illuminate\Console\OutputStyle))
#2 C:\laragon\www\kave\vendor\symfony\console\Application.php(1011): Illuminate\Console\Command->run(Object(Symfony\Component\Console\Input\ArgvInput), Object(Symfony\Component\Console\Output\ConsoleOutput))
#3 C:\laragon\www\kave\vendor\symfony\console\Application.php(272): Symfony\Component\Console\Application->doRunCommand(Object(Igniter\Flame\Scaffold\Console\CreateController), Object(Symfony\Component\Console\Input\ArgvInput), Object(Symfony\Component\Console\Output\ConsoleOutput))
#4 C:\laragon\www\kave\vendor\symfony\console\Application.php(148): Symfony\Component\Console\Application->doRun(Object(Symfony\Component\Console\Input\ArgvInput), Object(Symfony\Component\Console\Output\ConsoleOutput))
#5 C:\laragon\www\kave\vendor\laravel\framework\src\Illuminate\Console\Application.php(90): Symfony\Component\Console\Application->run(Object(Symfony\Component\Console\Input\ArgvInput), Object(Symfony\Component\Console\Output\ConsoleOutput))
#6 C:\laragon\www\kave\vendor\laravel\framework\src\Illuminate\Foundation\Console\Kernel.php(133): Illuminate\Console\Application->run(Object(Symfony\Component\Console\Input\ArgvInput), Object(Symfony\Component\Console\Output\ConsoleOutput))
#7 C:\laragon\www\kave\artisan(35): Illuminate\Foundation\Console\Kernel->handle(Object(Symfony\Component\Console\Input\ArgvInput), Object(Symfony\Component\Console\Output\ConsoleOutput))
#8 {main}  
[2020-02-12 23:41:41] development.ERROR: Symfony\Component\Console\Exception\RuntimeException: Not enough arguments (missing: "controller"). in C:\laragon\www\kave\vendor\symfony\console\Input\Input.php:76
Stack trace:
#0 C:\laragon\www\kave\vendor\symfony\console\Command\Command.php(250): Symfony\Component\Console\Input\Input->validate()
#1 C:\laragon\www\kave\vendor\laravel\framework\src\Illuminate\Console\Command.php(170): Symfony\Component\Console\Command\Command->run(Object(Symfony\Component\Console\Input\ArgvInput), Object(Illuminate\Console\OutputStyle))
#2 C:\laragon\www\kave\vendor\symfony\console\Application.php(1011): Illuminate\Console\Command->run(Object(Symfony\Component\Console\Input\ArgvInput), Object(Symfony\Component\Console\Output\ConsoleOutput))
#3 C:\laragon\www\kave\vendor\symfony\console\Application.php(272): Symfony\Component\Console\Application->doRunCommand(Object(Igniter\Flame\Scaffold\Console\CreateController), Object(Symfony\Component\Console\Input\ArgvInput), Object(Symfony\Component\Console\Output\ConsoleOutput))
#4 C:\laragon\www\kave\vendor\symfony\console\Application.php(148): Symfony\Component\Console\Application->doRun(Object(Symfony\Component\Console\Input\ArgvInput), Object(Symfony\Component\Console\Output\ConsoleOutput))
#5 C:\laragon\www\kave\vendor\laravel\framework\src\Illuminate\Console\Application.php(90): Symfony\Component\Console\Application->run(Object(Symfony\Component\Console\Input\ArgvInput), Object(Symfony\Component\Console\Output\ConsoleOutput))
#6 C:\laragon\www\kave\vendor\laravel\framework\src\Illuminate\Foundation\Console\Kernel.php(133): Illuminate\Console\Application->run(Object(Symfony\Component\Console\Input\ArgvInput), Object(Symfony\Component\Console\Output\ConsoleOutput))
#7 C:\laragon\www\kave\artisan(35): Illuminate\Foundation\Console\Kernel->handle(Object(Symfony\Component\Console\Input\ArgvInput), Object(Symfony\Component\Console\Output\ConsoleOutput))
#8 {main}  
[2020-02-13 00:38:39] development.ERROR: BadMethodCallException: Method Illuminate\Routing\Route::group does not exist. in C:\laragon\www\kave\vendor\laravel\framework\src\Illuminate\Support\Traits\Macroable.php:78
Stack trace:
#0 C:\laragon\www\kave\app\main\routes.php(21): Illuminate\Routing\Route::__callStatic('group', Array)
#1 C:\laragon\www\kave\vendor\laravel\framework\src\Illuminate\Events\Dispatcher.php(347): Igniter\Flame\Foundation\Providers\AppServiceProvider->{closure}(Object(Illuminate\Http\Request))
#2 C:\laragon\www\kave\vendor\laravel\framework\src\Illuminate\Events\Dispatcher.php(196): Illuminate\Events\Dispatcher->Illuminate\Events\{closure}('router.before', Array)
#3 C:\laragon\www\kave\vendor\tastyigniter\flame\src\Events\Dispatcher.php(15): Illuminate\Events\Dispatcher->dispatch('router.before', Array, false)
#4 C:\laragon\www\kave\vendor\october\rain\src\Router\CoreRouter.php(18): Igniter\Flame\Events\Dispatcher->fire('router.before', Array)
#5 C:\laragon\www\kave\vendor\laravel\framework\src\Illuminate\Foundation\Http\Kernel.php(176): October\Rain\Router\CoreRouter->dispatch(Object(Illuminate\Http\Request))
#6 C:\laragon\www\kave\vendor\laravel\framework\src\Illuminate\Routing\Pipeline.php(30): Illuminate\Foundation\Http\Kernel->Illuminate\Foundation\Http\{closure}(Object(Illuminate\Http\Request))
#7 C:\laragon\www\kave\vendor\tastyigniter\flame\src\Setting\Middleware\SaveSetting.php(25): Illuminate\Routing\Pipeline->Illuminate\Routing\{closure}(Object(Illuminate\Http\Request))
#8 C:\laragon\www\kave\vendor\laravel\framework\src\Illuminate\Pipeline\Pipeline.php(163): Igniter\Flame\Setting\Middleware\SaveSetting->handle(Object(Illuminate\Http\Request), Object(Closure))
#9 C:\laragon\www\kave\vendor\laravel\framework\src\Illuminate\Routing\Pipeline.php(53): Illuminate\Pipeline\Pipeline->Illuminate\Pipeline\{closure}(Object(Illuminate\Http\Request))
#10 C:\laragon\www\kave\vendor\fideloper\proxy\src\TrustProxies.php(57): Illuminate\Routing\Pipeline->Illuminate\Routing\{closure}(Object(Illuminate\Http\Request))
#11 C:\laragon\www\kave\vendor\laravel\framework\src\Illuminate\Pipeline\Pipeline.php(163): Fideloper\Proxy\TrustProxies->handle(Object(Illuminate\Http\Request), Object(Closure))
#12 C:\laragon\www\kave\vendor\laravel\framework\src\Illuminate\Routing\Pipeline.php(53): Illuminate\Pipeline\Pipeline->Illuminate\Pipeline\{closure}(Object(Illuminate\Http\Request))
#13 C:\laragon\www\kave\vendor\laravel\framework\src\Illuminate\Foundation\Http\Middleware\TransformsRequest.php(21): Illuminate\Routing\Pipeline->Illuminate\Routing\{closure}(Object(Illuminate\Http\Request))
#14 C:\laragon\www\kave\vendor\laravel\framework\src\Illuminate\Pipeline\Pipeline.php(163): Illuminate\Foundation\Http\Middleware\TransformsRequest->handle(Object(Illuminate\Http\Request), Object(Closure))
#15 C:\laragon\www\kave\vendor\laravel\framework\src\Illuminate\Routing\Pipeline.php(53): Illuminate\Pipeline\Pipeline->Illuminate\Pipeline\{closure}(Object(Illuminate\Http\Request))
#16 C:\laragon\www\kave\vendor\laravel\framework\src\Illuminate\Foundation\Http\Middleware\ValidatePostSize.php(27): Illuminate\Routing\Pipeline->Illuminate\Routing\{closure}(Object(Illuminate\Http\Request))
#17 C:\laragon\www\kave\vendor\laravel\framework\src\Illuminate\Pipeline\Pipeline.php(163): Illuminate\Foundation\Http\Middleware\ValidatePostSize->handle(Object(Illuminate\Http\Request), Object(Closure))
#18 C:\laragon\www\kave\vendor\laravel\framework\src\Illuminate\Routing\Pipeline.php(53): Illuminate\Pipeline\Pipeline->Illuminate\Pipeline\{closure}(Object(Illuminate\Http\Request))
#19 C:\laragon\www\kave\vendor\laravel\framework\src\Illuminate\Foundation\Http\Middleware\CheckForMaintenanceMode.php(62): Illuminate\Routing\Pipeline->Illuminate\Routing\{closure}(Object(Illuminate\Http\Request))
#20 C:\laragon\www\kave\vendor\laravel\framework\src\Illuminate\Pipeline\Pipeline.php(163): Illuminate\Foundation\Http\Middleware\CheckForMaintenanceMode->handle(Object(Illuminate\Http\Request), Object(Closure))
#21 C:\laragon\www\kave\vendor\laravel\framework\src\Illuminate\Routing\Pipeline.php(53): Illuminate\Pipeline\Pipeline->Illuminate\Pipeline\{closure}(Object(Illuminate\Http\Request))
#22 C:\laragon\www\kave\vendor\laravel\framework\src\Illuminate\Pipeline\Pipeline.php(104): Illuminate\Routing\Pipeline->Illuminate\Routing\{closure}(Object(Illuminate\Http\Request))
#23 C:\laragon\www\kave\vendor\laravel\framework\src\Illuminate\Foundation\Http\Kernel.php(151): Illuminate\Pipeline\Pipeline->then(Object(Closure))
#24 C:\laragon\www\kave\vendor\laravel\framework\src\Illuminate\Foundation\Http\Kernel.php(116): Illuminate\Foundation\Http\Kernel->sendRequestThroughRouter(Object(Illuminate\Http\Request))
#25 C:\laragon\www\kave\index.php(47): Illuminate\Foundation\Http\Kernel->handle(Object(Illuminate\Http\Request))
#26 {main}  
[2020-02-13 00:39:41] development.ERROR: BadMethodCallException: Method Illuminate\Routing\Route::group does not exist. in C:\laragon\www\kave\vendor\laravel\framework\src\Illuminate\Support\Traits\Macroable.php:78
Stack trace:
#0 C:\laragon\www\kave\app\main\routes.php(21): Illuminate\Routing\Route::__callStatic('group', Array)
#1 C:\laragon\www\kave\vendor\laravel\framework\src\Illuminate\Events\Dispatcher.php(347): Igniter\Flame\Foundation\Providers\AppServiceProvider->{closure}(Object(Illuminate\Http\Request))
#2 C:\laragon\www\kave\vendor\laravel\framework\src\Illuminate\Events\Dispatcher.php(196): Illuminate\Events\Dispatcher->Illuminate\Events\{closure}('router.before', Array)
#3 C:\laragon\www\kave\vendor\tastyigniter\flame\src\Events\Dispatcher.php(15): Illuminate\Events\Dispatcher->dispatch('router.before', Array, false)
#4 C:\laragon\www\kave\vendor\october\rain\src\Router\CoreRouter.php(18): Igniter\Flame\Events\Dispatcher->fire('router.before', Array)
#5 C:\laragon\www\kave\vendor\laravel\framework\src\Illuminate\Foundation\Http\Kernel.php(176): October\Rain\Router\CoreRouter->dispatch(Object(Illuminate\Http\Request))
#6 C:\laragon\www\kave\vendor\laravel\framework\src\Illuminate\Routing\Pipeline.php(30): Illuminate\Foundation\Http\Kernel->Illuminate\Foundation\Http\{closure}(Object(Illuminate\Http\Request))
#7 C:\laragon\www\kave\vendor\tastyigniter\flame\src\Setting\Middleware\SaveSetting.php(25): Illuminate\Routing\Pipeline->Illuminate\Routing\{closure}(Object(Illuminate\Http\Request))
#8 C:\laragon\www\kave\vendor\laravel\framework\src\Illuminate\Pipeline\Pipeline.php(163): Igniter\Flame\Setting\Middleware\SaveSetting->handle(Object(Illuminate\Http\Request), Object(Closure))
#9 C:\laragon\www\kave\vendor\laravel\framework\src\Illuminate\Routing\Pipeline.php(53): Illuminate\Pipeline\Pipeline->Illuminate\Pipeline\{closure}(Object(Illuminate\Http\Request))
#10 C:\laragon\www\kave\vendor\fideloper\proxy\src\TrustProxies.php(57): Illuminate\Routing\Pipeline->Illuminate\Routing\{closure}(Object(Illuminate\Http\Request))
#11 C:\laragon\www\kave\vendor\laravel\framework\src\Illuminate\Pipeline\Pipeline.php(163): Fideloper\Proxy\TrustProxies->handle(Object(Illuminate\Http\Request), Object(Closure))
#12 C:\laragon\www\kave\vendor\laravel\framework\src\Illuminate\Routing\Pipeline.php(53): Illuminate\Pipeline\Pipeline->Illuminate\Pipeline\{closure}(Object(Illuminate\Http\Request))
#13 C:\laragon\www\kave\vendor\laravel\framework\src\Illuminate\Foundation\Http\Middleware\TransformsRequest.php(21): Illuminate\Routing\Pipeline->Illuminate\Routing\{closure}(Object(Illuminate\Http\Request))
#14 C:\laragon\www\kave\vendor\laravel\framework\src\Illuminate\Pipeline\Pipeline.php(163): Illuminate\Foundation\Http\Middleware\TransformsRequest->handle(Object(Illuminate\Http\Request), Object(Closure))
#15 C:\laragon\www\kave\vendor\laravel\framework\src\Illuminate\Routing\Pipeline.php(53): Illuminate\Pipeline\Pipeline->Illuminate\Pipeline\{closure}(Object(Illuminate\Http\Request))
#16 C:\laragon\www\kave\vendor\laravel\framework\src\Illuminate\Foundation\Http\Middleware\ValidatePostSize.php(27): Illuminate\Routing\Pipeline->Illuminate\Routing\{closure}(Object(Illuminate\Http\Request))
#17 C:\laragon\www\kave\vendor\laravel\framework\src\Illuminate\Pipeline\Pipeline.php(163): Illuminate\Foundation\Http\Middleware\ValidatePostSize->handle(Object(Illuminate\Http\Request), Object(Closure))
#18 C:\laragon\www\kave\vendor\laravel\framework\src\Illuminate\Routing\Pipeline.php(53): Illuminate\Pipeline\Pipeline->Illuminate\Pipeline\{closure}(Object(Illuminate\Http\Request))
#19 C:\laragon\www\kave\vendor\laravel\framework\src\Illuminate\Foundation\Http\Middleware\CheckForMaintenanceMode.php(62): Illuminate\Routing\Pipeline->Illuminate\Routing\{closure}(Object(Illuminate\Http\Request))
#20 C:\laragon\www\kave\vendor\laravel\framework\src\Illuminate\Pipeline\Pipeline.php(163): Illuminate\Foundation\Http\Middleware\CheckForMaintenanceMode->handle(Object(Illuminate\Http\Request), Object(Closure))
#21 C:\laragon\www\kave\vendor\laravel\framework\src\Illuminate\Routing\Pipeline.php(53): Illuminate\Pipeline\Pipeline->Illuminate\Pipeline\{closure}(Object(Illuminate\Http\Request))
#22 C:\laragon\www\kave\vendor\laravel\framework\src\Illuminate\Pipeline\Pipeline.php(104): Illuminate\Routing\Pipeline->Illuminate\Routing\{closure}(Object(Illuminate\Http\Request))
#23 C:\laragon\www\kave\vendor\laravel\framework\src\Illuminate\Foundation\Http\Kernel.php(151): Illuminate\Pipeline\Pipeline->then(Object(Closure))
#24 C:\laragon\www\kave\vendor\laravel\framework\src\Illuminate\Foundation\Http\Kernel.php(116): Illuminate\Foundation\Http\Kernel->sendRequestThroughRouter(Object(Illuminate\Http\Request))
#25 C:\laragon\www\kave\index.php(47): Illuminate\Foundation\Http\Kernel->handle(Object(Illuminate\Http\Request))
#26 {main}  
[2020-02-13 00:39:49] development.ERROR: BadMethodCallException: Method Illuminate\Routing\Route::group does not exist. in C:\laragon\www\kave\vendor\laravel\framework\src\Illuminate\Support\Traits\Macroable.php:78
Stack trace:
#0 C:\laragon\www\kave\app\main\routes.php(21): Illuminate\Routing\Route::__callStatic('group', Array)
#1 C:\laragon\www\kave\vendor\laravel\framework\src\Illuminate\Events\Dispatcher.php(347): Igniter\Flame\Foundation\Providers\AppServiceProvider->{closure}(Object(Illuminate\Http\Request))
#2 C:\laragon\www\kave\vendor\laravel\framework\src\Illuminate\Events\Dispatcher.php(196): Illuminate\Events\Dispatcher->Illuminate\Events\{closure}('router.before', Array)
#3 C:\laragon\www\kave\vendor\tastyigniter\flame\src\Events\Dispatcher.php(15): Illuminate\Events\Dispatcher->dispatch('router.before', Array, false)
#4 C:\laragon\www\kave\vendor\october\rain\src\Router\CoreRouter.php(18): Igniter\Flame\Events\Dispatcher->fire('router.before', Array)
#5 C:\laragon\www\kave\vendor\laravel\framework\src\Illuminate\Foundation\Http\Kernel.php(176): October\Rain\Router\CoreRouter->dispatch(Object(Illuminate\Http\Request))
#6 C:\laragon\www\kave\vendor\laravel\framework\src\Illuminate\Routing\Pipeline.php(30): Illuminate\Foundation\Http\Kernel->Illuminate\Foundation\Http\{closure}(Object(Illuminate\Http\Request))
#7 C:\laragon\www\kave\vendor\tastyigniter\flame\src\Setting\Middleware\SaveSetting.php(25): Illuminate\Routing\Pipeline->Illuminate\Routing\{closure}(Object(Illuminate\Http\Request))
#8 C:\laragon\www\kave\vendor\laravel\framework\src\Illuminate\Pipeline\Pipeline.php(163): Igniter\Flame\Setting\Middleware\SaveSetting->handle(Object(Illuminate\Http\Request), Object(Closure))
#9 C:\laragon\www\kave\vendor\laravel\framework\src\Illuminate\Routing\Pipeline.php(53): Illuminate\Pipeline\Pipeline->Illuminate\Pipeline\{closure}(Object(Illuminate\Http\Request))
#10 C:\laragon\www\kave\vendor\fideloper\proxy\src\TrustProxies.php(57): Illuminate\Routing\Pipeline->Illuminate\Routing\{closure}(Object(Illuminate\Http\Request))
#11 C:\laragon\www\kave\vendor\laravel\framework\src\Illuminate\Pipeline\Pipeline.php(163): Fideloper\Proxy\TrustProxies->handle(Object(Illuminate\Http\Request), Object(Closure))
#12 C:\laragon\www\kave\vendor\laravel\framework\src\Illuminate\Routing\Pipeline.php(53): Illuminate\Pipeline\Pipeline->Illuminate\Pipeline\{closure}(Object(Illuminate\Http\Request))
#13 C:\laragon\www\kave\vendor\laravel\framework\src\Illuminate\Foundation\Http\Middleware\TransformsRequest.php(21): Illuminate\Routing\Pipeline->Illuminate\Routing\{closure}(Object(Illuminate\Http\Request))
#14 C:\laragon\www\kave\vendor\laravel\framework\src\Illuminate\Pipeline\Pipeline.php(163): Illuminate\Foundation\Http\Middleware\TransformsRequest->handle(Object(Illuminate\Http\Request), Object(Closure))
#15 C:\laragon\www\kave\vendor\laravel\framework\src\Illuminate\Routing\Pipeline.php(53): Illuminate\Pipeline\Pipeline->Illuminate\Pipeline\{closure}(Object(Illuminate\Http\Request))
#16 C:\laragon\www\kave\vendor\laravel\framework\src\Illuminate\Foundation\Http\Middleware\ValidatePostSize.php(27): Illuminate\Routing\Pipeline->Illuminate\Routing\{closure}(Object(Illuminate\Http\Request))
#17 C:\laragon\www\kave\vendor\laravel\framework\src\Illuminate\Pipeline\Pipeline.php(163): Illuminate\Foundation\Http\Middleware\ValidatePostSize->handle(Object(Illuminate\Http\Request), Object(Closure))
#18 C:\laragon\www\kave\vendor\laravel\framework\src\Illuminate\Routing\Pipeline.php(53): Illuminate\Pipeline\Pipeline->Illuminate\Pipeline\{closure}(Object(Illuminate\Http\Request))
#19 C:\laragon\www\kave\vendor\laravel\framework\src\Illuminate\Foundation\Http\Middleware\CheckForMaintenanceMode.php(62): Illuminate\Routing\Pipeline->Illuminate\Routing\{closure}(Object(Illuminate\Http\Request))
#20 C:\laragon\www\kave\vendor\laravel\framework\src\Illuminate\Pipeline\Pipeline.php(163): Illuminate\Foundation\Http\Middleware\CheckForMaintenanceMode->handle(Object(Illuminate\Http\Request), Object(Closure))
#21 C:\laragon\www\kave\vendor\laravel\framework\src\Illuminate\Routing\Pipeline.php(53): Illuminate\Pipeline\Pipeline->Illuminate\Pipeline\{closure}(Object(Illuminate\Http\Request))
#22 C:\laragon\www\kave\vendor\laravel\framework\src\Illuminate\Pipeline\Pipeline.php(104): Illuminate\Routing\Pipeline->Illuminate\Routing\{closure}(Object(Illuminate\Http\Request))
#23 C:\laragon\www\kave\vendor\laravel\framework\src\Illuminate\Foundation\Http\Kernel.php(151): Illuminate\Pipeline\Pipeline->then(Object(Closure))
#24 C:\laragon\www\kave\vendor\laravel\framework\src\Illuminate\Foundation\Http\Kernel.php(116): Illuminate\Foundation\Http\Kernel->sendRequestThroughRouter(Object(Illuminate\Http\Request))
#25 C:\laragon\www\kave\index.php(47): Illuminate\Foundation\Http\Kernel->handle(Object(Illuminate\Http\Request))
#26 {main}  
[2020-02-13 00:40:06] development.ERROR: BadMethodCallException: Method Illuminate\Routing\Route::group does not exist. in C:\laragon\www\kave\vendor\laravel\framework\src\Illuminate\Support\Traits\Macroable.php:78
Stack trace:
#0 C:\laragon\www\kave\app\main\routes.php(21): Illuminate\Routing\Route::__callStatic('group', Array)
#1 C:\laragon\www\kave\vendor\laravel\framework\src\Illuminate\Events\Dispatcher.php(347): Igniter\Flame\Foundation\Providers\AppServiceProvider->{closure}(Object(Illuminate\Http\Request))
#2 C:\laragon\www\kave\vendor\laravel\framework\src\Illuminate\Events\Dispatcher.php(196): Illuminate\Events\Dispatcher->Illuminate\Events\{closure}('router.before', Array)
#3 C:\laragon\www\kave\vendor\tastyigniter\flame\src\Events\Dispatcher.php(15): Illuminate\Events\Dispatcher->dispatch('router.before', Array, false)
#4 C:\laragon\www\kave\vendor\october\rain\src\Router\CoreRouter.php(18): Igniter\Flame\Events\Dispatcher->fire('router.before', Array)
#5 C:\laragon\www\kave\vendor\laravel\framework\src\Illuminate\Foundation\Http\Kernel.php(176): October\Rain\Router\CoreRouter->dispatch(Object(Illuminate\Http\Request))
#6 C:\laragon\www\kave\vendor\laravel\framework\src\Illuminate\Routing\Pipeline.php(30): Illuminate\Foundation\Http\Kernel->Illuminate\Foundation\Http\{closure}(Object(Illuminate\Http\Request))
#7 C:\laragon\www\kave\vendor\tastyigniter\flame\src\Setting\Middleware\SaveSetting.php(25): Illuminate\Routing\Pipeline->Illuminate\Routing\{closure}(Object(Illuminate\Http\Request))
#8 C:\laragon\www\kave\vendor\laravel\framework\src\Illuminate\Pipeline\Pipeline.php(163): Igniter\Flame\Setting\Middleware\SaveSetting->handle(Object(Illuminate\Http\Request), Object(Closure))
#9 C:\laragon\www\kave\vendor\laravel\framework\src\Illuminate\Routing\Pipeline.php(53): Illuminate\Pipeline\Pipeline->Illuminate\Pipeline\{closure}(Object(Illuminate\Http\Request))
#10 C:\laragon\www\kave\vendor\fideloper\proxy\src\TrustProxies.php(57): Illuminate\Routing\Pipeline->Illuminate\Routing\{closure}(Object(Illuminate\Http\Request))
#11 C:\laragon\www\kave\vendor\laravel\framework\src\Illuminate\Pipeline\Pipeline.php(163): Fideloper\Proxy\TrustProxies->handle(Object(Illuminate\Http\Request), Object(Closure))
#12 C:\laragon\www\kave\vendor\laravel\framework\src\Illuminate\Routing\Pipeline.php(53): Illuminate\Pipeline\Pipeline->Illuminate\Pipeline\{closure}(Object(Illuminate\Http\Request))
#13 C:\laragon\www\kave\vendor\laravel\framework\src\Illuminate\Foundation\Http\Middleware\TransformsRequest.php(21): Illuminate\Routing\Pipeline->Illuminate\Routing\{closure}(Object(Illuminate\Http\Request))
#14 C:\laragon\www\kave\vendor\laravel\framework\src\Illuminate\Pipeline\Pipeline.php(163): Illuminate\Foundation\Http\Middleware\TransformsRequest->handle(Object(Illuminate\Http\Request), Object(Closure))
#15 C:\laragon\www\kave\vendor\laravel\framework\src\Illuminate\Routing\Pipeline.php(53): Illuminate\Pipeline\Pipeline->Illuminate\Pipeline\{closure}(Object(Illuminate\Http\Request))
#16 C:\laragon\www\kave\vendor\laravel\framework\src\Illuminate\Foundation\Http\Middleware\ValidatePostSize.php(27): Illuminate\Routing\Pipeline->Illuminate\Routing\{closure}(Object(Illuminate\Http\Request))
#17 C:\laragon\www\kave\vendor\laravel\framework\src\Illuminate\Pipeline\Pipeline.php(163): Illuminate\Foundation\Http\Middleware\ValidatePostSize->handle(Object(Illuminate\Http\Request), Object(Closure))
#18 C:\laragon\www\kave\vendor\laravel\framework\src\Illuminate\Routing\Pipeline.php(53): Illuminate\Pipeline\Pipeline->Illuminate\Pipeline\{closure}(Object(Illuminate\Http\Request))
#19 C:\laragon\www\kave\vendor\laravel\framework\src\Illuminate\Foundation\Http\Middleware\CheckForMaintenanceMode.php(62): Illuminate\Routing\Pipeline->Illuminate\Routing\{closure}(Object(Illuminate\Http\Request))
#20 C:\laragon\www\kave\vendor\laravel\framework\src\Illuminate\Pipeline\Pipeline.php(163): Illuminate\Foundation\Http\Middleware\CheckForMaintenanceMode->handle(Object(Illuminate\Http\Request), Object(Closure))
#21 C:\laragon\www\kave\vendor\laravel\framework\src\Illuminate\Routing\Pipeline.php(53): Illuminate\Pipeline\Pipeline->Illuminate\Pipeline\{closure}(Object(Illuminate\Http\Request))
#22 C:\laragon\www\kave\vendor\laravel\framework\src\Illuminate\Pipeline\Pipeline.php(104): Illuminate\Routing\Pipeline->Illuminate\Routing\{closure}(Object(Illuminate\Http\Request))
#23 C:\laragon\www\kave\vendor\laravel\framework\src\Illuminate\Foundation\Http\Kernel.php(151): Illuminate\Pipeline\Pipeline->then(Object(Closure))
#24 C:\laragon\www\kave\vendor\laravel\framework\src\Illuminate\Foundation\Http\Kernel.php(116): Illuminate\Foundation\Http\Kernel->sendRequestThroughRouter(Object(Illuminate\Http\Request))
#25 C:\laragon\www\kave\index.php(47): Illuminate\Foundation\Http\Kernel->handle(Object(Illuminate\Http\Request))
#26 {main}  
[2020-02-13 00:40:43] development.ERROR: BadMethodCallException: Method Illuminate\Routing\Route::group does not exist. in C:\laragon\www\kave\vendor\laravel\framework\src\Illuminate\Support\Traits\Macroable.php:78
Stack trace:
#0 C:\laragon\www\kave\app\main\routes.php(21): Illuminate\Routing\Route::__callStatic('group', Array)
#1 C:\laragon\www\kave\vendor\laravel\framework\src\Illuminate\Events\Dispatcher.php(347): Igniter\Flame\Foundation\Providers\AppServiceProvider->{closure}(Object(Illuminate\Http\Request))
#2 C:\laragon\www\kave\vendor\laravel\framework\src\Illuminate\Events\Dispatcher.php(196): Illuminate\Events\Dispatcher->Illuminate\Events\{closure}('router.before', Array)
#3 C:\laragon\www\kave\vendor\tastyigniter\flame\src\Events\Dispatcher.php(15): Illuminate\Events\Dispatcher->dispatch('router.before', Array, false)
#4 C:\laragon\www\kave\vendor\october\rain\src\Router\CoreRouter.php(18): Igniter\Flame\Events\Dispatcher->fire('router.before', Array)
#5 C:\laragon\www\kave\vendor\laravel\framework\src\Illuminate\Foundation\Http\Kernel.php(176): October\Rain\Router\CoreRouter->dispatch(Object(Illuminate\Http\Request))
#6 C:\laragon\www\kave\vendor\laravel\framework\src\Illuminate\Routing\Pipeline.php(30): Illuminate\Foundation\Http\Kernel->Illuminate\Foundation\Http\{closure}(Object(Illuminate\Http\Request))
#7 C:\laragon\www\kave\vendor\tastyigniter\flame\src\Setting\Middleware\SaveSetting.php(25): Illuminate\Routing\Pipeline->Illuminate\Routing\{closure}(Object(Illuminate\Http\Request))
#8 C:\laragon\www\kave\vendor\laravel\framework\src\Illuminate\Pipeline\Pipeline.php(163): Igniter\Flame\Setting\Middleware\SaveSetting->handle(Object(Illuminate\Http\Request), Object(Closure))
#9 C:\laragon\www\kave\vendor\laravel\framework\src\Illuminate\Routing\Pipeline.php(53): Illuminate\Pipeline\Pipeline->Illuminate\Pipeline\{closure}(Object(Illuminate\Http\Request))
#10 C:\laragon\www\kave\vendor\fideloper\proxy\src\TrustProxies.php(57): Illuminate\Routing\Pipeline->Illuminate\Routing\{closure}(Object(Illuminate\Http\Request))
#11 C:\laragon\www\kave\vendor\laravel\framework\src\Illuminate\Pipeline\Pipeline.php(163): Fideloper\Proxy\TrustProxies->handle(Object(Illuminate\Http\Request), Object(Closure))
#12 C:\laragon\www\kave\vendor\laravel\framework\src\Illuminate\Routing\Pipeline.php(53): Illuminate\Pipeline\Pipeline->Illuminate\Pipeline\{closure}(Object(Illuminate\Http\Request))
#13 C:\laragon\www\kave\vendor\laravel\framework\src\Illuminate\Foundation\Http\Middleware\TransformsRequest.php(21): Illuminate\Routing\Pipeline->Illuminate\Routing\{closure}(Object(Illuminate\Http\Request))
#14 C:\laragon\www\kave\vendor\laravel\framework\src\Illuminate\Pipeline\Pipeline.php(163): Illuminate\Foundation\Http\Middleware\TransformsRequest->handle(Object(Illuminate\Http\Request), Object(Closure))
#15 C:\laragon\www\kave\vendor\laravel\framework\src\Illuminate\Routing\Pipeline.php(53): Illuminate\Pipeline\Pipeline->Illuminate\Pipeline\{closure}(Object(Illuminate\Http\Request))
#16 C:\laragon\www\kave\vendor\laravel\framework\src\Illuminate\Foundation\Http\Middleware\ValidatePostSize.php(27): Illuminate\Routing\Pipeline->Illuminate\Routing\{closure}(Object(Illuminate\Http\Request))
#17 C:\laragon\www\kave\vendor\laravel\framework\src\Illuminate\Pipeline\Pipeline.php(163): Illuminate\Foundation\Http\Middleware\ValidatePostSize->handle(Object(Illuminate\Http\Request), Object(Closure))
#18 C:\laragon\www\kave\vendor\laravel\framework\src\Illuminate\Routing\Pipeline.php(53): Illuminate\Pipeline\Pipeline->Illuminate\Pipeline\{closure}(Object(Illuminate\Http\Request))
#19 C:\laragon\www\kave\vendor\laravel\framework\src\Illuminate\Foundation\Http\Middleware\CheckForMaintenanceMode.php(62): Illuminate\Routing\Pipeline->Illuminate\Routing\{closure}(Object(Illuminate\Http\Request))
#20 C:\laragon\www\kave\vendor\laravel\framework\src\Illuminate\Pipeline\Pipeline.php(163): Illuminate\Foundation\Http\Middleware\CheckForMaintenanceMode->handle(Object(Illuminate\Http\Request), Object(Closure))
#21 C:\laragon\www\kave\vendor\laravel\framework\src\Illuminate\Routing\Pipeline.php(53): Illuminate\Pipeline\Pipeline->Illuminate\Pipeline\{closure}(Object(Illuminate\Http\Request))
#22 C:\laragon\www\kave\vendor\laravel\framework\src\Illuminate\Pipeline\Pipeline.php(104): Illuminate\Routing\Pipeline->Illuminate\Routing\{closure}(Object(Illuminate\Http\Request))
#23 C:\laragon\www\kave\vendor\laravel\framework\src\Illuminate\Foundation\Http\Kernel.php(151): Illuminate\Pipeline\Pipeline->then(Object(Closure))
#24 C:\laragon\www\kave\vendor\laravel\framework\src\Illuminate\Foundation\Http\Kernel.php(116): Illuminate\Foundation\Http\Kernel->sendRequestThroughRouter(Object(Illuminate\Http\Request))
#25 C:\laragon\www\kave\index.php(47): Illuminate\Foundation\Http\Kernel->handle(Object(Illuminate\Http\Request))
#26 {main}  
[2020-02-13 00:40:57] development.ERROR: BadMethodCallException: Method Illuminate\Routing\Route::group does not exist. in C:\laragon\www\kave\vendor\laravel\framework\src\Illuminate\Support\Traits\Macroable.php:78
Stack trace:
#0 C:\laragon\www\kave\app\main\routes.php(21): Illuminate\Routing\Route::__callStatic('group', Array)
#1 C:\laragon\www\kave\vendor\laravel\framework\src\Illuminate\Events\Dispatcher.php(347): Igniter\Flame\Foundation\Providers\AppServiceProvider->{closure}(Object(Illuminate\Http\Request))
#2 C:\laragon\www\kave\vendor\laravel\framework\src\Illuminate\Events\Dispatcher.php(196): Illuminate\Events\Dispatcher->Illuminate\Events\{closure}('router.before', Array)
#3 C:\laragon\www\kave\vendor\tastyigniter\flame\src\Events\Dispatcher.php(15): Illuminate\Events\Dispatcher->dispatch('router.before', Array, false)
#4 C:\laragon\www\kave\vendor\october\rain\src\Router\CoreRouter.php(18): Igniter\Flame\Events\Dispatcher->fire('router.before', Array)
#5 C:\laragon\www\kave\vendor\laravel\framework\src\Illuminate\Foundation\Http\Kernel.php(176): October\Rain\Router\CoreRouter->dispatch(Object(Illuminate\Http\Request))
#6 C:\laragon\www\kave\vendor\laravel\framework\src\Illuminate\Routing\Pipeline.php(30): Illuminate\Foundation\Http\Kernel->Illuminate\Foundation\Http\{closure}(Object(Illuminate\Http\Request))
#7 C:\laragon\www\kave\vendor\tastyigniter\flame\src\Setting\Middleware\SaveSetting.php(25): Illuminate\Routing\Pipeline->Illuminate\Routing\{closure}(Object(Illuminate\Http\Request))
#8 C:\laragon\www\kave\vendor\laravel\framework\src\Illuminate\Pipeline\Pipeline.php(163): Igniter\Flame\Setting\Middleware\SaveSetting->handle(Object(Illuminate\Http\Request), Object(Closure))
#9 C:\laragon\www\kave\vendor\laravel\framework\src\Illuminate\Routing\Pipeline.php(53): Illuminate\Pipeline\Pipeline->Illuminate\Pipeline\{closure}(Object(Illuminate\Http\Request))
#10 C:\laragon\www\kave\vendor\fideloper\proxy\src\TrustProxies.php(57): Illuminate\Routing\Pipeline->Illuminate\Routing\{closure}(Object(Illuminate\Http\Request))
#11 C:\laragon\www\kave\vendor\laravel\framework\src\Illuminate\Pipeline\Pipeline.php(163): Fideloper\Proxy\TrustProxies->handle(Object(Illuminate\Http\Request), Object(Closure))
#12 C:\laragon\www\kave\vendor\laravel\framework\src\Illuminate\Routing\Pipeline.php(53): Illuminate\Pipeline\Pipeline->Illuminate\Pipeline\{closure}(Object(Illuminate\Http\Request))
#13 C:\laragon\www\kave\vendor\laravel\framework\src\Illuminate\Foundation\Http\Middleware\TransformsRequest.php(21): Illuminate\Routing\Pipeline->Illuminate\Routing\{closure}(Object(Illuminate\Http\Request))
#14 C:\laragon\www\kave\vendor\laravel\framework\src\Illuminate\Pipeline\Pipeline.php(163): Illuminate\Foundation\Http\Middleware\TransformsRequest->handle(Object(Illuminate\Http\Request), Object(Closure))
#15 C:\laragon\www\kave\vendor\laravel\framework\src\Illuminate\Routing\Pipeline.php(53): Illuminate\Pipeline\Pipeline->Illuminate\Pipeline\{closure}(Object(Illuminate\Http\Request))
#16 C:\laragon\www\kave\vendor\laravel\framework\src\Illuminate\Foundation\Http\Middleware\ValidatePostSize.php(27): Illuminate\Routing\Pipeline->Illuminate\Routing\{closure}(Object(Illuminate\Http\Request))
#17 C:\laragon\www\kave\vendor\laravel\framework\src\Illuminate\Pipeline\Pipeline.php(163): Illuminate\Foundation\Http\Middleware\ValidatePostSize->handle(Object(Illuminate\Http\Request), Object(Closure))
#18 C:\laragon\www\kave\vendor\laravel\framework\src\Illuminate\Routing\Pipeline.php(53): Illuminate\Pipeline\Pipeline->Illuminate\Pipeline\{closure}(Object(Illuminate\Http\Request))
#19 C:\laragon\www\kave\vendor\laravel\framework\src\Illuminate\Foundation\Http\Middleware\CheckForMaintenanceMode.php(62): Illuminate\Routing\Pipeline->Illuminate\Routing\{closure}(Object(Illuminate\Http\Request))
#20 C:\laragon\www\kave\vendor\laravel\framework\src\Illuminate\Pipeline\Pipeline.php(163): Illuminate\Foundation\Http\Middleware\CheckForMaintenanceMode->handle(Object(Illuminate\Http\Request), Object(Closure))
#21 C:\laragon\www\kave\vendor\laravel\framework\src\Illuminate\Routing\Pipeline.php(53): Illuminate\Pipeline\Pipeline->Illuminate\Pipeline\{closure}(Object(Illuminate\Http\Request))
#22 C:\laragon\www\kave\vendor\laravel\framework\src\Illuminate\Pipeline\Pipeline.php(104): Illuminate\Routing\Pipeline->Illuminate\Routing\{closure}(Object(Illuminate\Http\Request))
#23 C:\laragon\www\kave\vendor\laravel\framework\src\Illuminate\Foundation\Http\Kernel.php(151): Illuminate\Pipeline\Pipeline->then(Object(Closure))
#24 C:\laragon\www\kave\vendor\laravel\framework\src\Illuminate\Foundation\Http\Kernel.php(116): Illuminate\Foundation\Http\Kernel->sendRequestThroughRouter(Object(Illuminate\Http\Request))
#25 C:\laragon\www\kave\index.php(47): Illuminate\Foundation\Http\Kernel->handle(Object(Illuminate\Http\Request))
#26 {main}  
